Oct 26 16:06:57  [info] $backTrace = #0 /var/www/drupalmultisite/profiles/cm_starterkit_difficult/modules/civicrm/CRM/Core/Error.php(236): CRM_Core_Error::backtrace("backTrace", TRUE)
#1 [internal function](): CRM_Core_Error::simpleHandler(Object(DB_Error))
#2 /var/www/drupalmultisite/profiles/cm_starterkit_difficult/modules/civicrm/packages/PEAR.php(931): call_user_func((Array:2), Object(DB_Error))
#3 /var/www/drupalmultisite/profiles/cm_starterkit_difficult/modules/civicrm/packages/DB.php(969): PEAR_Error->PEAR_Error("DB Error: no such table", -18, 16, (Array:2), "SELECT *,  config_backend, locales, locale_custom_strings  \n FROM civicrm_do...")
#4 /var/www/drupalmultisite/profiles/cm_starterkit_difficult/modules/civicrm/packages/PEAR.php(564): DB_Error->DB_Error(-18, 16, (Array:2), "SELECT *,  config_backend, locales, locale_custom_strings  \n FROM civicrm_do...")
#5 /var/www/drupalmultisite/profiles/cm_starterkit_difficult/modules/civicrm/packages/DB/common.php(1905): PEAR->raiseError(NULL, -18, NULL, NULL, "SELECT *,  config_backend, locales, locale_custom_strings  \n FROM civicrm_do...", "DB_Error", TRUE)
#6 /var/www/drupalmultisite/profiles/cm_starterkit_difficult/modules/civicrm/packages/DB/mysql.php(898): DB_common->raiseError(-18, NULL, NULL, NULL, "1146 ** Table 'cmstarterkitdifficult_civicrm.civicrm_domain' doesn't exist")
#7 /var/www/drupalmultisite/profiles/cm_starterkit_difficult/modules/civicrm/packages/DB/mysql.php(327): DB_mysql->mysqlRaiseError()
#8 /var/www/drupalmultisite/profiles/cm_starterkit_difficult/modules/civicrm/packages/DB/common.php(1216): DB_mysql->simpleQuery("SELECT *,  config_backend, locales, locale_custom_strings  \n FROM civicrm_do...")
#9 /var/www/drupalmultisite/profiles/cm_starterkit_difficult/modules/civicrm/packages/DB/DataObject.php(2434): DB_common->query("SELECT *,  config_backend, locales, locale_custom_strings  \n FROM civicrm_do...")
#10 /var/www/drupalmultisite/profiles/cm_starterkit_difficult/modules/civicrm/packages/DB/DataObject.php(441): DB_DataObject->_query("SELECT *,  config_backend, locales, locale_custom_strings  \n FROM civicrm_do...")
#11 /var/www/drupalmultisite/profiles/cm_starterkit_difficult/modules/civicrm/CRM/Core/BAO/ConfigSetting.php(224): DB_DataObject->find(TRUE)
#12 /var/www/drupalmultisite/profiles/cm_starterkit_difficult/modules/civicrm/CRM/Core/Config.php(419): CRM_Core_BAO_ConfigSetting::retrieve((Array:0))
#13 /var/www/drupalmultisite/profiles/cm_starterkit_difficult/modules/civicrm/CRM/Core/Config.php(199): CRM_Core_Config->_initVariables()
#14 /var/www/drupalmultisite/profiles/cm_starterkit_difficult/modules/civicrm/drupal/drush/civicrm.drush.inc(1164): CRM_Core_Config::singleton()
#15 /var/www/drupalmultisite/profiles/cm_starterkit_difficult/modules/civicrm/drupal/drush/civicrm.drush.inc(608): _civicrm_init(FALSE)
#16 [internal function](): civicrm_drush_cache_clear((Array:9))
#17 /usr/share/php/drush/includes/command.inc(1256): call_user_func_array("civicrm_drush_cache_clear", (Array:1))
#18 /usr/share/php/drush/commands/core/cache.drush.inc(230): drush_command_invoke_all_ref("drush_cache_clear", (Array:9))
#19 /usr/share/php/drush/commands/core/cache.drush.inc(74): drush_cache_clear_types(TRUE)
#20 [internal function](): drush_cache_command_clear()
#21 /usr/share/php/drush/includes/command.inc(362): call_user_func_array("drush_cache_command_clear", (Array:0))
#22 /usr/share/php/drush/includes/command.inc(214): _drush_invoke_hooks((Array:30), (Array:0))
#23 [internal function](): drush_command()
#24 /usr/share/php/drush/includes/command.inc(182): call_user_func_array("drush_command", (Array:0))
#25 /usr/share/php/drush/drush.php(92): drush_dispatch((Array:30))
#26 /usr/share/php/drush/drush.php(61): _drush_bootstrap_and_dispatch()
#27 /usr/share/php/drush/drush.php(16): drush_main()
#28 {main}


